”11:20:42.396 [Test worker] INFO com.avenuecode.udemy.account.manager.consumers.AccessRequestConsumer - Consuming request 'AccessRequestIdDTO(id=1)'
™11:20:42.425 [Test worker] INFO com.avenuecode.udemy.account.manager.consumers.ActiveSchedulesConsumer - Consuming active schedule 'ScheduleIdDTO(id=1)'
¢11:20:42.835 [Test worker] INFO com.avenuecode.udemy.account.manager.publishers.AccessRequestPublisherScheduler - Initializing AccessRequestPublisherScheduler...
‹11:20:42.871 [Test worker] INFO com.avenuecode.udemy.account.manager.publishers.AccessRequestPublisher - Publishing request 'Request{id=1, email='null', seniority='null', technology='null', hours='null', goal='null', created=null, scheduled=null}' to 'accessRequest'
‹11:20:42.903 [Test worker] INFO com.avenuecode.udemy.account.manager.publishers.AccessRequestPublisher - Publishing request 'Request{id=1, email='null', seniority='null', technology='null', hours='null', goal='null', created=null, scheduled=null}' to 'accessRequest'
£11:20:42.926 [Test worker] INFO com.avenuecode.udemy.account.manager.publishers.ActiveSchedulesPublisher - Publishing active schedule 'Schedule{id=1, start=null, end=null, scheduledFor='null', seniority='null', technology='null', hours='null', goal='null', active=null}' to 'activeSchedule'
¦11:20:42.945 [Test worker] INFO com.avenuecode.udemy.account.manager.publishers.ActiveSchedulesPublisherScheduler - Initializing ActiveSchedulesPublisherScheduler...
£11:20:42.950 [Test worker] INFO com.avenuecode.udemy.account.manager.publishers.ActiveSchedulesPublisher - Publishing active schedule 'Schedule{id=1, start=null, end=null, scheduledFor='null', seniority='null', technology='null', hours='null', goal='null', active=null}' to 'activeSchedule'
•11:20:42.985 [Test worker] DEBUG com.avenuecode.udemy.account.manager.service.AccountServiceImpl - Registering new account=avenuecode@avenuecode.com
ž11:20:42.985 [Test worker] WARN com.avenuecode.udemy.account.manager.service.AccountServiceImpl - Account with email=avenuecode@avenuecode.com already exists
•11:20:43.062 [Test worker] DEBUG com.avenuecode.udemy.account.manager.service.AccountServiceImpl - Registering new account=avenuecode@avenuecode.com
›11:20:43.067 [Test worker] ERROR com.avenuecode.udemy.account.manager.service.AccountServiceImpl - Error registering new account=avenuecode@avenuecode.com
Tjava.lang.ClassCastException: java.lang.Class cannot be cast to java.lang.Throwable
Ž	at com.avenuecode.udemy.account.manager.service.AccountServiceImplTest$__spock_feature_0_1_closure1.doCall(AccountServiceImplTest.groovy:31)
@	at sun.reflect.NativeMethodAccessorImpl.invoke0(Native Method)
R	at sun.reflect.NativeMethodAccessorImpl.invoke(NativeMethodAccessorImpl.java:62)
Z	at sun.reflect.DelegatingMethodAccessorImpl.invoke(DelegatingMethodAccessorImpl.java:43)
5	at java.lang.reflect.Method.invoke(Method.java:498)
N	at org.codehaus.groovy.reflection.CachedMethod.invoke(CachedMethod.java:101)
?	at groovy.lang.MetaMethod.doMethodInvoke(MetaMethod.java:323)
c	at org.codehaus.groovy.runtime.metaclass.ClosureMetaClass.invokeMethod(ClosureMetaClass.java:263)
D	at groovy.lang.MetaClassImpl.invokeMethod(MetaClassImpl.java:1041)
/	at groovy.lang.Closure.call(Closure.java:405)
[	at org.spockframework.runtime.GroovyRuntimeUtil.invokeClosure(GroovyRuntimeUtil.java:201)
h	at org.spockframework.mock.response.CodeResponseGenerator.invokeClosure(CodeResponseGenerator.java:54)
d	at org.spockframework.mock.response.CodeResponseGenerator.doRespond(CodeResponseGenerator.java:37)
f	at org.spockframework.mock.response.SingleResponseGenerator.respond(SingleResponseGenerator.java:32)
d	at org.spockframework.mock.response.ResponseGeneratorChain.respond(ResponseGeneratorChain.java:44)
T	at org.spockframework.mock.runtime.MockInteraction.accept(MockInteraction.java:73)
f	at org.spockframework.mock.runtime.MockInteractionDecorator.accept(MockInteractionDecorator.java:50)
X	at org.spockframework.mock.runtime.InteractionScope$1.accept(InteractionScope.java:51)
R	at org.spockframework.mock.runtime.MockController.handle(MockController.java:40)
_	at org.spockframework.mock.runtime.JavaMockInterceptor.intercept(JavaMockInterceptor.java:72)
z	at org.spockframework.mock.runtime.DynamicProxyMockInterceptorAdapter.invoke(DynamicProxyMockInterceptorAdapter.java:34)
0	at com.sun.proxy.$Proxy37.save(Unknown Source)
k	at com.avenuecode.udemy.account.manager.service.AccountServiceImpl.addAccount(AccountServiceImpl.java:42)
`	at com.avenuecode.udemy.account.manager.service.AccountService$addAccount.call(Unknown Source)
Z	at org.codehaus.groovy.runtime.callsite.CallSiteArray.defaultCall(CallSiteArray.java:47)
Z	at org.codehaus.groovy.runtime.callsite.AbstractCallSite.call(AbstractCallSite.java:115)
Z	at org.codehaus.groovy.runtime.callsite.AbstractCallSite.call(AbstractCallSite.java:127)
}	at com.avenuecode.udemy.account.manager.service.AccountServiceImplTest.$spock_feature_0_1(AccountServiceImplTest.groovy:34)
@	at sun.reflect.NativeMethodAccessorImpl.invoke0(Native Method)
R	at sun.reflect.NativeMethodAccessorImpl.invoke(NativeMethodAccessorImpl.java:62)
Z	at sun.reflect.DelegatingMethodAccessorImpl.invoke(DelegatingMethodAccessorImpl.java:43)
5	at java.lang.reflect.Method.invoke(Method.java:498)
Q	at org.spockframework.util.ReflectionUtil.invokeMethod(ReflectionUtil.java:200)
L	at org.spockframework.runtime.model.MethodInfo.invoke(MethodInfo.java:113)
Q	at org.spockframework.runtime.BaseSpecRunner.invokeRaw(BaseSpecRunner.java:484)
N	at org.spockframework.runtime.BaseSpecRunner.invoke(BaseSpecRunner.java:467)
X	at org.spockframework.runtime.BaseSpecRunner.runFeatureMethod(BaseSpecRunner.java:408)
V	at org.spockframework.runtime.BaseSpecRunner.doRunIteration(BaseSpecRunner.java:322)
P	at org.spockframework.runtime.BaseSpecRunner$6.invoke(BaseSpecRunner.java:306)
Q	at org.spockframework.runtime.BaseSpecRunner.invokeRaw(BaseSpecRunner.java:484)
N	at org.spockframework.runtime.BaseSpecRunner.invoke(BaseSpecRunner.java:467)
T	at org.spockframework.runtime.BaseSpecRunner.runIteration(BaseSpecRunner.java:285)
a	at org.spockframework.runtime.BaseSpecRunner.initializeAndRunIteration(BaseSpecRunner.java:275)
X	at org.spockframework.runtime.BaseSpecRunner.runSimpleFeature(BaseSpecRunner.java:266)
T	at org.spockframework.runtime.BaseSpecRunner.doRunFeature(BaseSpecRunner.java:260)
P	at org.spockframework.runtime.BaseSpecRunner$5.invoke(BaseSpecRunner.java:243)
Q	at org.spockframework.runtime.BaseSpecRunner.invokeRaw(BaseSpecRunner.java:484)
N	at org.spockframework.runtime.BaseSpecRunner.invoke(BaseSpecRunner.java:467)
R	at org.spockframework.runtime.BaseSpecRunner.runFeature(BaseSpecRunner.java:235)
S	at org.spockframework.runtime.BaseSpecRunner.runFeatures(BaseSpecRunner.java:185)
P	at org.spockframework.runtime.BaseSpecRunner.doRunSpec(BaseSpecRunner.java:95)
O	at org.spockframework.runtime.BaseSpecRunner$1.invoke(BaseSpecRunner.java:81)
Q	at org.spockframework.runtime.BaseSpecRunner.invokeRaw(BaseSpecRunner.java:484)
N	at org.spockframework.runtime.BaseSpecRunner.invoke(BaseSpecRunner.java:467)
N	at org.spockframework.runtime.BaseSpecRunner.runSpec(BaseSpecRunner.java:73)
J	at org.spockframework.runtime.BaseSpecRunner.run(BaseSpecRunner.java:64)
<	at org.spockframework.runtime.Sputnik.run(Sputnik.java:63)
u	at org.gradle.api.internal.tasks.testing.junit.JUnitTestClassExecutor.runTestClass(JUnitTestClassExecutor.java:110)
o	at org.gradle.api.internal.tasks.testing.junit.JUnitTestClassExecutor.execute(JUnitTestClassExecutor.java:58)
o	at org.gradle.api.internal.tasks.testing.junit.JUnitTestClassExecutor.execute(JUnitTestClassExecutor.java:38)
Š	at org.gradle.api.internal.tasks.testing.junit.AbstractJUnitTestClassProcessor.processTestClass(AbstractJUnitTestClassProcessor.java:62)
t	at org.gradle.api.internal.tasks.testing.SuiteTestClassProcessor.processTestClass(SuiteTestClassProcessor.java:51)
@	at sun.reflect.NativeMethodAccessorImpl.invoke0(Native Method)
R	at sun.reflect.NativeMethodAccessorImpl.invoke(NativeMethodAccessorImpl.java:62)
Z	at sun.reflect.DelegatingMethodAccessorImpl.invoke(DelegatingMethodAccessorImpl.java:43)
5	at java.lang.reflect.Method.invoke(Method.java:498)
Y	at org.gradle.internal.dispatch.ReflectionDispatch.dispatch(ReflectionDispatch.java:36)
Y	at org.gradle.internal.dispatch.ReflectionDispatch.dispatch(ReflectionDispatch.java:24)
i	at org.gradle.internal.dispatch.ContextClassLoaderDispatch.dispatch(ContextClassLoaderDispatch.java:33)
x	at org.gradle.internal.dispatch.ProxyDispatchAdapter$DispatchingInvocationHandler.invoke(ProxyDispatchAdapter.java:94)
;	at com.sun.proxy.$Proxy2.processTestClass(Unknown Source)
b	at org.gradle.api.internal.tasks.testing.worker.TestWorker.processTestClass(TestWorker.java:119)
@	at sun.reflect.NativeMethodAccessorImpl.invoke0(Native Method)
R	at sun.reflect.NativeMethodAccessorImpl.invoke(NativeMethodAccessorImpl.java:62)
Z	at sun.reflect.DelegatingMethodAccessorImpl.invoke(DelegatingMethodAccessorImpl.java:43)
5	at java.lang.reflect.Method.invoke(Method.java:498)
Y	at org.gradle.internal.dispatch.ReflectionDispatch.dispatch(ReflectionDispatch.java:36)
Y	at org.gradle.internal.dispatch.ReflectionDispatch.dispatch(ReflectionDispatch.java:24)
‘	at org.gradle.internal.remote.internal.hub.MessageHubBackedObjectConnection$DispatchWrapper.dispatch(MessageHubBackedObjectConnection.java:182)
‘	at org.gradle.internal.remote.internal.hub.MessageHubBackedObjectConnection$DispatchWrapper.dispatch(MessageHubBackedObjectConnection.java:164)
X	at org.gradle.internal.remote.internal.hub.MessageHub$Handler.run(MessageHub.java:414)
k	at org.gradle.internal.concurrent.ExecutorPolicy$CatchAndRecordFailures.onExecute(ExecutorPolicy.java:64)
Z	at org.gradle.internal.concurrent.ManagedExecutorImpl$1.run(ManagedExecutorImpl.java:48)
T	at java.util.concurrent.ThreadPoolExecutor.runWorker(ThreadPoolExecutor.java:1149)
T	at java.util.concurrent.ThreadPoolExecutor$Worker.run(ThreadPoolExecutor.java:624)
j	at org.gradle.internal.concurrent.ThreadFactoryImpl$ManagedThreadRunnable.run(ThreadFactoryImpl.java:56)
*	at java.lang.Thread.run(Thread.java:748)
•11:20:43.082 [Test worker] DEBUG com.avenuecode.udemy.account.manager.service.AccountServiceImpl - Registering new account=avenuecode@avenuecode.com
11:20:43.083 [Test worker] INFO com.avenuecode.udemy.account.manager.service.AccountServiceImpl - Account=avenuecode@avenuecode.com registered successfully 
–11:20:43.119 [Test worker] INFO com.avenuecode.udemy.account.manager.service.AccountServiceImpl - Updating account=avenuecode@avenuecode.com password
›11:20:43.120 [Test worker] INFO com.avenuecode.udemy.account.manager.service.AccountServiceImpl - Couldn't find Account=avenuecode@avenuecode.com for id=1
–11:20:43.135 [Test worker] INFO com.avenuecode.udemy.account.manager.service.AccountServiceImpl - Updating account=avenuecode@avenuecode.com password
11:20:43.135 [Test worker] WARN com.avenuecode.udemy.account.manager.service.AccountServiceImpl - Couldn't parse id=account_id
–11:20:43.143 [Test worker] INFO com.avenuecode.udemy.account.manager.service.AccountServiceImpl - Updating account=avenuecode@avenuecode.com password
›11:20:43.144 [Test worker] INFO com.avenuecode.udemy.account.manager.service.AccountServiceImpl - Couldn't find Account=avenuecode@avenuecode.com for id=1
 –11:20:43.152 [Test worker] INFO com.avenuecode.udemy.account.manager.service.AccountServiceImpl - Updating account=avenuecode@avenuecode.com password
 „11:20:43.153 [Test worker] INFO com.avenuecode.udemy.account.manager.service.AccountServiceImpl - Password updated for account_id=1
!–11:20:43.156 [Test worker] INFO com.avenuecode.udemy.account.manager.service.AccountServiceImpl - Updating account=avenuecode@avenuecode.com password
!¡11:20:43.157 [Test worker] ERROR com.avenuecode.udemy.account.manager.service.AccountServiceImpl - Error updating password for account=avenuecode@avenuecode.com
!Tjava.lang.ClassCastException: java.lang.Class cannot be cast to java.lang.Throwable
!	at com.avenuecode.udemy.account.manager.service.AccountServiceImplTest$__spock_feature_0_7_closure2.doCall(AccountServiceImplTest.groovy:106)
!@	at sun.reflect.NativeMethodAccessorImpl.invoke0(Native Method)
!R	at sun.reflect.NativeMethodAccessorImpl.invoke(NativeMethodAccessorImpl.java:62)
!Z	at sun.reflect.DelegatingMethodAccessorImpl.invoke(DelegatingMethodAccessorImpl.java:43)
!5	at java.lang.reflect.Method.invoke(Method.java:498)
!N	at org.codehaus.groovy.reflection.CachedMethod.invoke(CachedMethod.java:101)
!?	at groovy.lang.MetaMethod.doMethodInvoke(MetaMethod.java:323)
!c	at org.codehaus.groovy.runtime.metaclass.ClosureMetaClass.invokeMethod(ClosureMetaClass.java:263)
!D	at groovy.lang.MetaClassImpl.invokeMethod(MetaClassImpl.java:1041)
!/	at groovy.lang.Closure.call(Closure.java:405)
![	at org.spockframework.runtime.GroovyRuntimeUtil.invokeClosure(GroovyRuntimeUtil.java:201)
!h	at org.spockframework.mock.response.CodeResponseGenerator.invokeClosure(CodeResponseGenerator.java:54)
!d	at org.spockframework.mock.response.CodeResponseGenerator.doRespond(CodeResponseGenerator.java:37)
!f	at org.spockframework.mock.response.SingleResponseGenerator.respond(SingleResponseGenerator.java:32)
!d	at org.spockframework.mock.response.ResponseGeneratorChain.respond(ResponseGeneratorChain.java:44)
!T	at org.spockframework.mock.runtime.MockInteraction.accept(MockInteraction.java:73)
!f	at org.spockframework.mock.runtime.MockInteractionDecorator.accept(MockInteractionDecorator.java:50)
!X	at org.spockframework.mock.runtime.InteractionScope$1.accept(InteractionScope.java:51)
!R	at org.spockframework.mock.runtime.MockController.handle(MockController.java:40)
!_	at org.spockframework.mock.runtime.JavaMockInterceptor.intercept(JavaMockInterceptor.java:72)
!z	at org.spockframework.mock.runtime.DynamicProxyMockInterceptorAdapter.invoke(DynamicProxyMockInterceptorAdapter.java:34)
!0	at com.sun.proxy.$Proxy37.save(Unknown Source)
!o	at com.avenuecode.udemy.account.manager.service.AccountServiceImpl.updatePassword(AccountServiceImpl.java:78)
!f	at com.avenuecode.udemy.account.manager.service.AccountService$updatePassword$0.call(Unknown Source)
!Z	at org.codehaus.groovy.runtime.callsite.CallSiteArray.defaultCall(CallSiteArray.java:47)
!Z	at org.codehaus.groovy.runtime.callsite.AbstractCallSite.call(AbstractCallSite.java:115)
!Z	at org.codehaus.groovy.runtime.callsite.AbstractCallSite.call(AbstractCallSite.java:135)
!~	at com.avenuecode.udemy.account.manager.service.AccountServiceImplTest.$spock_feature_0_7(AccountServiceImplTest.groovy:109)
!@	at sun.reflect.NativeMethodAccessorImpl.invoke0(Native Method)
!R	at sun.reflect.NativeMethodAccessorImpl.invoke(NativeMethodAccessorImpl.java:62)
!Z	at sun.reflect.DelegatingMethodAccessorImpl.invoke(DelegatingMethodAccessorImpl.java:43)
!5	at java.lang.reflect.Method.invoke(Method.java:498)
!Q	at org.spockframework.util.ReflectionUtil.invokeMethod(ReflectionUtil.java:200)
!L	at org.spockframework.runtime.model.MethodInfo.invoke(MethodInfo.java:113)
!Q	at org.spockframework.runtime.BaseSpecRunner.invokeRaw(BaseSpecRunner.java:484)
!N	at org.spockframework.runtime.BaseSpecRunner.invoke(BaseSpecRunner.java:467)
!X	at org.spockframework.runtime.BaseSpecRunner.runFeatureMethod(BaseSpecRunner.java:408)
!V	at org.spockframework.runtime.BaseSpecRunner.doRunIteration(BaseSpecRunner.java:322)
!P	at org.spockframework.runtime.BaseSpecRunner$6.invoke(BaseSpecRunner.java:306)
!Q	at org.spockframework.runtime.BaseSpecRunner.invokeRaw(BaseSpecRunner.java:484)
!N	at org.spockframework.runtime.BaseSpecRunner.invoke(BaseSpecRunner.java:467)
!T	at org.spockframework.runtime.BaseSpecRunner.runIteration(BaseSpecRunner.java:285)
!a	at org.spockframework.runtime.BaseSpecRunner.initializeAndRunIteration(BaseSpecRunner.java:275)
!X	at org.spockframework.runtime.BaseSpecRunner.runSimpleFeature(BaseSpecRunner.java:266)
!T	at org.spockframework.runtime.BaseSpecRunner.doRunFeature(BaseSpecRunner.java:260)
!P	at org.spockframework.runtime.BaseSpecRunner$5.invoke(BaseSpecRunner.java:243)
!Q	at org.spockframework.runtime.BaseSpecRunner.invokeRaw(BaseSpecRunner.java:484)
!N	at org.spockframework.runtime.BaseSpecRunner.invoke(BaseSpecRunner.java:467)
!R	at org.spockframework.runtime.BaseSpecRunner.runFeature(BaseSpecRunner.java:235)
!S	at org.spockframework.runtime.BaseSpecRunner.runFeatures(BaseSpecRunner.java:185)
!P	at org.spockframework.runtime.BaseSpecRunner.doRunSpec(BaseSpecRunner.java:95)
!O	at org.spockframework.runtime.BaseSpecRunner$1.invoke(BaseSpecRunner.java:81)
!Q	at org.spockframework.runtime.BaseSpecRunner.invokeRaw(BaseSpecRunner.java:484)
!N	at org.spockframework.runtime.BaseSpecRunner.invoke(BaseSpecRunner.java:467)
!N	at org.spockframework.runtime.BaseSpecRunner.runSpec(BaseSpecRunner.java:73)
!J	at org.spockframework.runtime.BaseSpecRunner.run(BaseSpecRunner.java:64)
!<	at org.spockframework.runtime.Sputnik.run(Sputnik.java:63)
!u	at org.gradle.api.internal.tasks.testing.junit.JUnitTestClassExecutor.runTestClass(JUnitTestClassExecutor.java:110)
!o	at org.gradle.api.internal.tasks.testing.junit.JUnitTestClassExecutor.execute(JUnitTestClassExecutor.java:58)
!o	at org.gradle.api.internal.tasks.testing.junit.JUnitTestClassExecutor.execute(JUnitTestClassExecutor.java:38)
!Š	at org.gradle.api.internal.tasks.testing.junit.AbstractJUnitTestClassProcessor.processTestClass(AbstractJUnitTestClassProcessor.java:62)
!t	at org.gradle.api.internal.tasks.testing.SuiteTestClassProcessor.processTestClass(SuiteTestClassProcessor.java:51)
!@	at sun.reflect.NativeMethodAccessorImpl.invoke0(Native Method)
!R	at sun.reflect.NativeMethodAccessorImpl.invoke(NativeMethodAccessorImpl.java:62)
!Z	at sun.reflect.DelegatingMethodAccessorImpl.invoke(DelegatingMethodAccessorImpl.java:43)
!5	at java.lang.reflect.Method.invoke(Method.java:498)
!Y	at org.gradle.internal.dispatch.ReflectionDispatch.dispatch(ReflectionDispatch.java:36)
!Y	at org.gradle.internal.dispatch.ReflectionDispatch.dispatch(ReflectionDispatch.java:24)
!i	at org.gradle.internal.dispatch.ContextClassLoaderDispatch.dispatch(ContextClassLoaderDispatch.java:33)
!x	at org.gradle.internal.dispatch.ProxyDispatchAdapter$DispatchingInvocationHandler.invoke(ProxyDispatchAdapter.java:94)
!;	at com.sun.proxy.$Proxy2.processTestClass(Unknown Source)
!b	at org.gradle.api.internal.tasks.testing.worker.TestWorker.processTestClass(TestWorker.java:119)
!@	at sun.reflect.NativeMethodAccessorImpl.invoke0(Native Method)
!R	at sun.reflect.NativeMethodAccessorImpl.invoke(NativeMethodAccessorImpl.java:62)
!Z	at sun.reflect.DelegatingMethodAccessorImpl.invoke(DelegatingMethodAccessorImpl.java:43)
!5	at java.lang.reflect.Method.invoke(Method.java:498)
!Y	at org.gradle.internal.dispatch.ReflectionDispatch.dispatch(ReflectionDispatch.java:36)
!Y	at org.gradle.internal.dispatch.ReflectionDispatch.dispatch(ReflectionDispatch.java:24)
!‘	at org.gradle.internal.remote.internal.hub.MessageHubBackedObjectConnection$DispatchWrapper.dispatch(MessageHubBackedObjectConnection.java:182)
!‘	at org.gradle.internal.remote.internal.hub.MessageHubBackedObjectConnection$DispatchWrapper.dispatch(MessageHubBackedObjectConnection.java:164)
!X	at org.gradle.internal.remote.internal.hub.MessageHub$Handler.run(MessageHub.java:414)
!k	at org.gradle.internal.concurrent.ExecutorPolicy$CatchAndRecordFailures.onExecute(ExecutorPolicy.java:64)
!Z	at org.gradle.internal.concurrent.ManagedExecutorImpl$1.run(ManagedExecutorImpl.java:48)
!T	at java.util.concurrent.ThreadPoolExecutor.runWorker(ThreadPoolExecutor.java:1149)
!T	at java.util.concurrent.ThreadPoolExecutor$Worker.run(ThreadPoolExecutor.java:624)
!j	at org.gradle.internal.concurrent.ThreadFactoryImpl$ManagedThreadRunnable.run(ThreadFactoryImpl.java:56)
!*	at java.lang.Thread.run(Thread.java:748)
'(„11:20:43.305 [Test worker] INFO com.avenuecode.udemy.account.manager.service.ScheduleService - Request of id=0 is already scheduled
')—11:20:43.307 [Test worker] INFO com.avenuecode.udemy.account.manager.service.ScheduleService - No accounts available to attend request from email=null
'*“11:20:43.311 [Test worker] INFO com.avenuecode.udemy.account.manager.service.ScheduleService - Creating schedule for email=null, with account=null
'*11:20:43.312 [Test worker] ERROR com.avenuecode.udemy.account.manager.service.ScheduleService - Error scheduling account=null for email=null
'*Tjava.lang.ClassCastException: java.lang.Class cannot be cast to java.lang.Throwable
'*ˆ	at com.avenuecode.udemy.account.manager.service.ScheduleServiceTest$__spock_feature_0_3_closure1.doCall(ScheduleServiceTest.groovy:68)
'*@	at sun.reflect.NativeMethodAccessorImpl.invoke0(Native Method)
'*R	at sun.reflect.NativeMethodAccessorImpl.invoke(NativeMethodAccessorImpl.java:62)
'*Z	at sun.reflect.DelegatingMethodAccessorImpl.invoke(DelegatingMethodAccessorImpl.java:43)
'*5	at java.lang.reflect.Method.invoke(Method.java:498)
'*N	at org.codehaus.groovy.reflection.CachedMethod.invoke(CachedMethod.java:101)
'*?	at groovy.lang.MetaMethod.doMethodInvoke(MetaMethod.java:323)
'*c	at org.codehaus.groovy.runtime.metaclass.ClosureMetaClass.invokeMethod(ClosureMetaClass.java:263)
'*D	at groovy.lang.MetaClassImpl.invokeMethod(MetaClassImpl.java:1041)
'*/	at groovy.lang.Closure.call(Closure.java:405)
'*[	at org.spockframework.runtime.GroovyRuntimeUtil.invokeClosure(GroovyRuntimeUtil.java:201)
'*h	at org.spockframework.mock.response.CodeResponseGenerator.invokeClosure(CodeResponseGenerator.java:54)
'*d	at org.spockframework.mock.response.CodeResponseGenerator.doRespond(CodeResponseGenerator.java:37)
'*f	at org.spockframework.mock.response.SingleResponseGenerator.respond(SingleResponseGenerator.java:32)
'*d	at org.spockframework.mock.response.ResponseGeneratorChain.respond(ResponseGeneratorChain.java:44)
'*T	at org.spockframework.mock.runtime.MockInteraction.accept(MockInteraction.java:73)
'*f	at org.spockframework.mock.runtime.MockInteractionDecorator.accept(MockInteractionDecorator.java:50)
'*X	at org.spockframework.mock.runtime.InteractionScope$1.accept(InteractionScope.java:51)
'*R	at org.spockframework.mock.runtime.MockController.handle(MockController.java:40)
'*_	at org.spockframework.mock.runtime.JavaMockInterceptor.intercept(JavaMockInterceptor.java:72)
'*z	at org.spockframework.mock.runtime.DynamicProxyMockInterceptorAdapter.invoke(DynamicProxyMockInterceptorAdapter.java:34)
'*0	at com.sun.proxy.$Proxy35.save(Unknown Source)
'*i	at com.avenuecode.udemy.account.manager.service.ScheduleService.createSchedule(ScheduleService.java:73)
'*e	at com.avenuecode.udemy.account.manager.service.ScheduleService$createSchedule.call(Unknown Source)
'*Z	at org.codehaus.groovy.runtime.callsite.CallSiteArray.defaultCall(CallSiteArray.java:47)
'*Z	at org.codehaus.groovy.runtime.callsite.AbstractCallSite.call(AbstractCallSite.java:115)
'*Z	at org.codehaus.groovy.runtime.callsite.AbstractCallSite.call(AbstractCallSite.java:127)
'*w	at com.avenuecode.udemy.account.manager.service.ScheduleServiceTest.$spock_feature_0_3(ScheduleServiceTest.groovy:71)
'*@	at sun.reflect.NativeMethodAccessorImpl.invoke0(Native Method)
'*R	at sun.reflect.NativeMethodAccessorImpl.invoke(NativeMethodAccessorImpl.java:62)
'*Z	at sun.reflect.DelegatingMethodAccessorImpl.invoke(DelegatingMethodAccessorImpl.java:43)
'*5	at java.lang.reflect.Method.invoke(Method.java:498)
'*Q	at org.spockframework.util.ReflectionUtil.invokeMethod(ReflectionUtil.java:200)
'*L	at org.spockframework.runtime.model.MethodInfo.invoke(MethodInfo.java:113)
'*Q	at org.spockframework.runtime.BaseSpecRunner.invokeRaw(BaseSpecRunner.java:484)
'*N	at org.spockframework.runtime.BaseSpecRunner.invoke(BaseSpecRunner.java:467)
'*X	at org.spockframework.runtime.BaseSpecRunner.runFeatureMethod(BaseSpecRunner.java:408)
'*V	at org.spockframework.runtime.BaseSpecRunner.doRunIteration(BaseSpecRunner.java:322)
'*P	at org.spockframework.runtime.BaseSpecRunner$6.invoke(BaseSpecRunner.java:306)
'*Q	at org.spockframework.runtime.BaseSpecRunner.invokeRaw(BaseSpecRunner.java:484)
'*N	at org.spockframework.runtime.BaseSpecRunner.invoke(BaseSpecRunner.java:467)
'*T	at org.spockframework.runtime.BaseSpecRunner.runIteration(BaseSpecRunner.java:285)
'*a	at org.spockframework.runtime.BaseSpecRunner.initializeAndRunIteration(BaseSpecRunner.java:275)
'*X	at org.spockframework.runtime.BaseSpecRunner.runSimpleFeature(BaseSpecRunner.java:266)
'*T	at org.spockframework.runtime.BaseSpecRunner.doRunFeature(BaseSpecRunner.java:260)
'*P	at org.spockframework.runtime.BaseSpecRunner$5.invoke(BaseSpecRunner.java:243)
'*Q	at org.spockframework.runtime.BaseSpecRunner.invokeRaw(BaseSpecRunner.java:484)
'*N	at org.spockframework.runtime.BaseSpecRunner.invoke(BaseSpecRunner.java:467)
'*R	at org.spockframework.runtime.BaseSpecRunner.runFeature(BaseSpecRunner.java:235)
'*S	at org.spockframework.runtime.BaseSpecRunner.runFeatures(BaseSpecRunner.java:185)
'*P	at org.spockframework.runtime.BaseSpecRunner.doRunSpec(BaseSpecRunner.java:95)
'*O	at org.spockframework.runtime.BaseSpecRunner$1.invoke(BaseSpecRunner.java:81)
'*Q	at org.spockframework.runtime.BaseSpecRunner.invokeRaw(BaseSpecRunner.java:484)
'*N	at org.spockframework.runtime.BaseSpecRunner.invoke(BaseSpecRunner.java:467)
'*N	at org.spockframework.runtime.BaseSpecRunner.runSpec(BaseSpecRunner.java:73)
'*J	at org.spockframework.runtime.BaseSpecRunner.run(BaseSpecRunner.java:64)
'*<	at org.spockframework.runtime.Sputnik.run(Sputnik.java:63)
'*u	at org.gradle.api.internal.tasks.testing.junit.JUnitTestClassExecutor.runTestClass(JUnitTestClassExecutor.java:110)
'*o	at org.gradle.api.internal.tasks.testing.junit.JUnitTestClassExecutor.execute(JUnitTestClassExecutor.java:58)
'*o	at org.gradle.api.internal.tasks.testing.junit.JUnitTestClassExecutor.execute(JUnitTestClassExecutor.java:38)
'*Š	at org.gradle.api.internal.tasks.testing.junit.AbstractJUnitTestClassProcessor.processTestClass(AbstractJUnitTestClassProcessor.java:62)
'*t	at org.gradle.api.internal.tasks.testing.SuiteTestClassProcessor.processTestClass(SuiteTestClassProcessor.java:51)
'*@	at sun.reflect.NativeMethodAccessorImpl.invoke0(Native Method)
'*R	at sun.reflect.NativeMethodAccessorImpl.invoke(NativeMethodAccessorImpl.java:62)
'*Z	at sun.reflect.DelegatingMethodAccessorImpl.invoke(DelegatingMethodAccessorImpl.java:43)
'*5	at java.lang.reflect.Method.invoke(Method.java:498)
'*Y	at org.gradle.internal.dispatch.ReflectionDispatch.dispatch(ReflectionDispatch.java:36)
'*Y	at org.gradle.internal.dispatch.ReflectionDispatch.dispatch(ReflectionDispatch.java:24)
'*i	at org.gradle.internal.dispatch.ContextClassLoaderDispatch.dispatch(ContextClassLoaderDispatch.java:33)
'*x	at org.gradle.internal.dispatch.ProxyDispatchAdapter$DispatchingInvocationHandler.invoke(ProxyDispatchAdapter.java:94)
'*;	at com.sun.proxy.$Proxy2.processTestClass(Unknown Source)
'*b	at org.gradle.api.internal.tasks.testing.worker.TestWorker.processTestClass(TestWorker.java:119)
'*@	at sun.reflect.NativeMethodAccessorImpl.invoke0(Native Method)
'*R	at sun.reflect.NativeMethodAccessorImpl.invoke(NativeMethodAccessorImpl.java:62)
'*Z	at sun.reflect.DelegatingMethodAccessorImpl.invoke(DelegatingMethodAccessorImpl.java:43)
'*5	at java.lang.reflect.Method.invoke(Method.java:498)
'*Y	at org.gradle.internal.dispatch.ReflectionDispatch.dispatch(ReflectionDispatch.java:36)
'*Y	at org.gradle.internal.dispatch.ReflectionDispatch.dispatch(ReflectionDispatch.java:24)
'*‘	at org.gradle.internal.remote.internal.hub.MessageHubBackedObjectConnection$DispatchWrapper.dispatch(MessageHubBackedObjectConnection.java:182)
'*‘	at org.gradle.internal.remote.internal.hub.MessageHubBackedObjectConnection$DispatchWrapper.dispatch(MessageHubBackedObjectConnection.java:164)
'*X	at org.gradle.internal.remote.internal.hub.MessageHub$Handler.run(MessageHub.java:414)
'*k	at org.gradle.internal.concurrent.ExecutorPolicy$CatchAndRecordFailures.onExecute(ExecutorPolicy.java:64)
'*Z	at org.gradle.internal.concurrent.ManagedExecutorImpl$1.run(ManagedExecutorImpl.java:48)
'*T	at java.util.concurrent.ThreadPoolExecutor.runWorker(ThreadPoolExecutor.java:1149)
'*T	at java.util.concurrent.ThreadPoolExecutor$Worker.run(ThreadPoolExecutor.java:624)
'*j	at org.gradle.internal.concurrent.ThreadFactoryImpl$ManagedThreadRunnable.run(ThreadFactoryImpl.java:56)
'**	at java.lang.Thread.run(Thread.java:748)
'+“11:20:43.320 [Test worker] INFO com.avenuecode.udemy.account.manager.service.ScheduleService - Creating schedule for email=null, with account=null
'-„11:20:43.340 [Test worker] INFO com.avenuecode.udemy.account.manager.service.ScheduleService - Schedule of id=0 is no longer active
'/|11:20:43.374 [Test worker] INFO com.avenuecode.udemy.account.manager.service.ScheduleService - Schedule of id=1 has expired
'/•11:20:43.376 [Test worker] ERROR com.avenuecode.udemy.account.manager.service.ScheduleService - Error deactivating schedule of id=1 for account=null
'/Tjava.lang.ClassCastException: java.lang.Class cannot be cast to java.lang.Throwable
'/‰	at com.avenuecode.udemy.account.manager.service.ScheduleServiceTest$__spock_feature_0_8_closure2.doCall(ScheduleServiceTest.groovy:148)
'/@	at sun.reflect.NativeMethodAccessorImpl.invoke0(Native Method)
'/R	at sun.reflect.NativeMethodAccessorImpl.invoke(NativeMethodAccessorImpl.java:62)
'/Z	at sun.reflect.DelegatingMethodAccessorImpl.invoke(DelegatingMethodAccessorImpl.java:43)
'/5	at java.lang.reflect.Method.invoke(Method.java:498)
'/N	at org.codehaus.groovy.reflection.CachedMethod.invoke(CachedMethod.java:101)
'/?	at groovy.lang.MetaMethod.doMethodInvoke(MetaMethod.java:323)
'/c	at org.codehaus.groovy.runtime.metaclass.ClosureMetaClass.invokeMethod(ClosureMetaClass.java:263)
'/D	at groovy.lang.MetaClassImpl.invokeMethod(MetaClassImpl.java:1041)
'//	at groovy.lang.Closure.call(Closure.java:405)
'/[	at org.spockframework.runtime.GroovyRuntimeUtil.invokeClosure(GroovyRuntimeUtil.java:201)
'/h	at org.spockframework.mock.response.CodeResponseGenerator.invokeClosure(CodeResponseGenerator.java:54)
'/d	at org.spockframework.mock.response.CodeResponseGenerator.doRespond(CodeResponseGenerator.java:37)
'/f	at org.spockframework.mock.response.SingleResponseGenerator.respond(SingleResponseGenerator.java:32)
'/d	at org.spockframework.mock.response.ResponseGeneratorChain.respond(ResponseGeneratorChain.java:44)
'/T	at org.spockframework.mock.runtime.MockInteraction.accept(MockInteraction.java:73)
'/f	at org.spockframework.mock.runtime.MockInteractionDecorator.accept(MockInteractionDecorator.java:50)
'/X	at org.spockframework.mock.runtime.InteractionScope$1.accept(InteractionScope.java:51)
'/R	at org.spockframework.mock.runtime.MockController.handle(MockController.java:40)
'/_	at org.spockframework.mock.runtime.JavaMockInterceptor.intercept(JavaMockInterceptor.java:72)
'/z	at org.spockframework.mock.runtime.DynamicProxyMockInterceptorAdapter.invoke(DynamicProxyMockInterceptorAdapter.java:34)
'/0	at com.sun.proxy.$Proxy37.save(Unknown Source)
'/i	at com.avenuecode.udemy.account.manager.service.ScheduleService.checkSchedule(ScheduleService.java:115)
'/f	at com.avenuecode.udemy.account.manager.service.ScheduleService$checkSchedule$0.call(Unknown Source)
'/Z	at org.codehaus.groovy.runtime.callsite.CallSiteArray.defaultCall(CallSiteArray.java:47)
'/Z	at org.codehaus.groovy.runtime.callsite.AbstractCallSite.call(AbstractCallSite.java:115)
'/Z	at org.codehaus.groovy.runtime.callsite.AbstractCallSite.call(AbstractCallSite.java:127)
'/x	at com.avenuecode.udemy.account.manager.service.ScheduleServiceTest.$spock_feature_0_8(ScheduleServiceTest.groovy:151)
'/@	at sun.reflect.NativeMethodAccessorImpl.invoke0(Native Method)
'/R	at sun.reflect.NativeMethodAccessorImpl.invoke(NativeMethodAccessorImpl.java:62)
'/Z	at sun.reflect.DelegatingMethodAccessorImpl.invoke(DelegatingMethodAccessorImpl.java:43)
'/5	at java.lang.reflect.Method.invoke(Method.java:498)
'/Q	at org.spockframework.util.ReflectionUtil.invokeMethod(ReflectionUtil.java:200)
'/L	at org.spockframework.runtime.model.MethodInfo.invoke(MethodInfo.java:113)
'/Q	at org.spockframework.runtime.BaseSpecRunner.invokeRaw(BaseSpecRunner.java:484)
'/N	at org.spockframework.runtime.BaseSpecRunner.invoke(BaseSpecRunner.java:467)
'/X	at org.spockframework.runtime.BaseSpecRunner.runFeatureMethod(BaseSpecRunner.java:408)
'/V	at org.spockframework.runtime.BaseSpecRunner.doRunIteration(BaseSpecRunner.java:322)
'/P	at org.spockframework.runtime.BaseSpecRunner$6.invoke(BaseSpecRunner.java:306)
'/Q	at org.spockframework.runtime.BaseSpecRunner.invokeRaw(BaseSpecRunner.java:484)
'/N	at org.spockframework.runtime.BaseSpecRunner.invoke(BaseSpecRunner.java:467)
'/T	at org.spockframework.runtime.BaseSpecRunner.runIteration(BaseSpecRunner.java:285)
'/a	at org.spockframework.runtime.BaseSpecRunner.initializeAndRunIteration(BaseSpecRunner.java:275)
'/X	at org.spockframework.runtime.BaseSpecRunner.runSimpleFeature(BaseSpecRunner.java:266)
'/T	at org.spockframework.runtime.BaseSpecRunner.doRunFeature(BaseSpecRunner.java:260)
'/P	at org.spockframework.runtime.BaseSpecRunner$5.invoke(BaseSpecRunner.java:243)
'/Q	at org.spockframework.runtime.BaseSpecRunner.invokeRaw(BaseSpecRunner.java:484)
'/N	at org.spockframework.runtime.BaseSpecRunner.invoke(BaseSpecRunner.java:467)
'/R	at org.spockframework.runtime.BaseSpecRunner.runFeature(BaseSpecRunner.java:235)
'/S	at org.spockframework.runtime.BaseSpecRunner.runFeatures(BaseSpecRunner.java:185)
'/P	at org.spockframework.runtime.BaseSpecRunner.doRunSpec(BaseSpecRunner.java:95)
'/O	at org.spockframework.runtime.BaseSpecRunner$1.invoke(BaseSpecRunner.java:81)
'/Q	at org.spockframework.runtime.BaseSpecRunner.invokeRaw(BaseSpecRunner.java:484)
'/N	at org.spockframework.runtime.BaseSpecRunner.invoke(BaseSpecRunner.java:467)
'/N	at org.spockframework.runtime.BaseSpecRunner.runSpec(BaseSpecRunner.java:73)
'/J	at org.spockframework.runtime.BaseSpecRunner.run(BaseSpecRunner.java:64)
'/<	at org.spockframework.runtime.Sputnik.run(Sputnik.java:63)
'/u	at org.gradle.api.internal.tasks.testing.junit.JUnitTestClassExecutor.runTestClass(JUnitTestClassExecutor.java:110)
'/o	at org.gradle.api.internal.tasks.testing.junit.JUnitTestClassExecutor.execute(JUnitTestClassExecutor.java:58)
'/o	at org.gradle.api.internal.tasks.testing.junit.JUnitTestClassExecutor.execute(JUnitTestClassExecutor.java:38)
'/Š	at org.gradle.api.internal.tasks.testing.junit.AbstractJUnitTestClassProcessor.processTestClass(AbstractJUnitTestClassProcessor.java:62)
'/t	at org.gradle.api.internal.tasks.testing.SuiteTestClassProcessor.processTestClass(SuiteTestClassProcessor.java:51)
'/@	at sun.reflect.NativeMethodAccessorImpl.invoke0(Native Method)
'/R	at sun.reflect.NativeMethodAccessorImpl.invoke(NativeMethodAccessorImpl.java:62)
'/Z	at sun.reflect.DelegatingMethodAccessorImpl.invoke(DelegatingMethodAccessorImpl.java:43)
'/5	at java.lang.reflect.Method.invoke(Method.java:498)
'/Y	at org.gradle.internal.dispatch.ReflectionDispatch.dispatch(ReflectionDispatch.java:36)
'/Y	at org.gradle.internal.dispatch.ReflectionDispatch.dispatch(ReflectionDispatch.java:24)
'/i	at org.gradle.internal.dispatch.ContextClassLoaderDispatch.dispatch(ContextClassLoaderDispatch.java:33)
'/x	at org.gradle.internal.dispatch.ProxyDispatchAdapter$DispatchingInvocationHandler.invoke(ProxyDispatchAdapter.java:94)
'/;	at com.sun.proxy.$Proxy2.processTestClass(Unknown Source)
'/b	at org.gradle.api.internal.tasks.testing.worker.TestWorker.processTestClass(TestWorker.java:119)
'/@	at sun.reflect.NativeMethodAccessorImpl.invoke0(Native Method)
'/R	at sun.reflect.NativeMethodAccessorImpl.invoke(NativeMethodAccessorImpl.java:62)
'/Z	at sun.reflect.DelegatingMethodAccessorImpl.invoke(DelegatingMethodAccessorImpl.java:43)
'/5	at java.lang.reflect.Method.invoke(Method.java:498)
'/Y	at org.gradle.internal.dispatch.ReflectionDispatch.dispatch(ReflectionDispatch.java:36)
'/Y	at org.gradle.internal.dispatch.ReflectionDispatch.dispatch(ReflectionDispatch.java:24)
'/‘	at org.gradle.internal.remote.internal.hub.MessageHubBackedObjectConnection$DispatchWrapper.dispatch(MessageHubBackedObjectConnection.java:182)
'/‘	at org.gradle.internal.remote.internal.hub.MessageHubBackedObjectConnection$DispatchWrapper.dispatch(MessageHubBackedObjectConnection.java:164)
'/X	at org.gradle.internal.remote.internal.hub.MessageHub$Handler.run(MessageHub.java:414)
'/k	at org.gradle.internal.concurrent.ExecutorPolicy$CatchAndRecordFailures.onExecute(ExecutorPolicy.java:64)
'/Z	at org.gradle.internal.concurrent.ManagedExecutorImpl$1.run(ManagedExecutorImpl.java:48)
'/T	at java.util.concurrent.ThreadPoolExecutor.runWorker(ThreadPoolExecutor.java:1149)
'/T	at java.util.concurrent.ThreadPoolExecutor$Worker.run(ThreadPoolExecutor.java:624)
'/j	at org.gradle.internal.concurrent.ThreadFactoryImpl$ManagedThreadRunnable.run(ThreadFactoryImpl.java:56)
'/*	at java.lang.Thread.run(Thread.java:748)
'0|11:20:43.394 [Test worker] INFO com.avenuecode.udemy.account.manager.service.ScheduleService - Schedule of id=1 has expired
21™11:20:43.445 [Test worker] DEBUG com.avenuecode.udemy.account.manager.service.RequestServiceImpl - Access Request received for email=m..a@avenuecode.com
21¤11:20:43.446 [Test worker] ERROR com.avenuecode.udemy.account.manager.service.RequestServiceImpl - Error saving request from email=m..a@avenuecode.com on database.
21Tjava.lang.ClassCastException: java.lang.Class cannot be cast to java.lang.Throwable
21Ž	at com.avenuecode.udemy.account.manager.service.RequestServiceImplTest$__spock_feature_0_0_closure1.doCall(RequestServiceImplTest.groovy:18)
21@	at sun.reflect.NativeMethodAccessorImpl.invoke0(Native Method)
21R	at sun.reflect.NativeMethodAccessorImpl.invoke(NativeMethodAccessorImpl.java:62)
21Z	at sun.reflect.DelegatingMethodAccessorImpl.invoke(DelegatingMethodAccessorImpl.java:43)
215	at java.lang.reflect.Method.invoke(Method.java:498)
21N	at org.codehaus.groovy.reflection.CachedMethod.invoke(CachedMethod.java:101)
21?	at groovy.lang.MetaMethod.doMethodInvoke(MetaMethod.java:323)
21c	at org.codehaus.groovy.runtime.metaclass.ClosureMetaClass.invokeMethod(ClosureMetaClass.java:263)
21D	at groovy.lang.MetaClassImpl.invokeMethod(MetaClassImpl.java:1041)
21/	at groovy.lang.Closure.call(Closure.java:405)
21[	at org.spockframework.runtime.GroovyRuntimeUtil.invokeClosure(GroovyRuntimeUtil.java:201)
21h	at org.spockframework.mock.response.CodeResponseGenerator.invokeClosure(CodeResponseGenerator.java:54)
21d	at org.spockframework.mock.response.CodeResponseGenerator.doRespond(CodeResponseGenerator.java:37)
21f	at org.spockframework.mock.response.SingleResponseGenerator.respond(SingleResponseGenerator.java:32)
21d	at org.spockframework.mock.response.ResponseGeneratorChain.respond(ResponseGeneratorChain.java:44)
21T	at org.spockframework.mock.runtime.MockInteraction.accept(MockInteraction.java:73)
21f	at org.spockframework.mock.runtime.MockInteractionDecorator.accept(MockInteractionDecorator.java:50)
21X	at org.spockframework.mock.runtime.InteractionScope$1.accept(InteractionScope.java:51)
21R	at org.spockframework.mock.runtime.MockController.handle(MockController.java:40)
21_	at org.spockframework.mock.runtime.JavaMockInterceptor.intercept(JavaMockInterceptor.java:72)
21z	at org.spockframework.mock.runtime.DynamicProxyMockInterceptorAdapter.invoke(DynamicProxyMockInterceptorAdapter.java:34)
210	at com.sun.proxy.$Proxy34.save(Unknown Source)
21n	at com.avenuecode.udemy.account.manager.service.RequestServiceImpl.accessRequest(RequestServiceImpl.java:38)
21c	at com.avenuecode.udemy.account.manager.service.RequestService$accessRequest.call(Unknown Source)
21Z	at org.codehaus.groovy.runtime.callsite.CallSiteArray.defaultCall(CallSiteArray.java:47)
21Z	at org.codehaus.groovy.runtime.callsite.AbstractCallSite.call(AbstractCallSite.java:115)
21Z	at org.codehaus.groovy.runtime.callsite.AbstractCallSite.call(AbstractCallSite.java:127)
21}	at com.avenuecode.udemy.account.manager.service.RequestServiceImplTest.$spock_feature_0_0(RequestServiceImplTest.groovy:21)
21@	at sun.reflect.NativeMethodAccessorImpl.invoke0(Native Method)
21R	at sun.reflect.NativeMethodAccessorImpl.invoke(NativeMethodAccessorImpl.java:62)
21Z	at sun.reflect.DelegatingMethodAccessorImpl.invoke(DelegatingMethodAccessorImpl.java:43)
215	at java.lang.reflect.Method.invoke(Method.java:498)
21Q	at org.spockframework.util.ReflectionUtil.invokeMethod(ReflectionUtil.java:200)
21L	at org.spockframework.runtime.model.MethodInfo.invoke(MethodInfo.java:113)
21Q	at org.spockframework.runtime.BaseSpecRunner.invokeRaw(BaseSpecRunner.java:484)
21N	at org.spockframework.runtime.BaseSpecRunner.invoke(BaseSpecRunner.java:467)
21X	at org.spockframework.runtime.BaseSpecRunner.runFeatureMethod(BaseSpecRunner.java:408)
21V	at org.spockframework.runtime.BaseSpecRunner.doRunIteration(BaseSpecRunner.java:322)
21P	at org.spockframework.runtime.BaseSpecRunner$6.invoke(BaseSpecRunner.java:306)
21Q	at org.spockframework.runtime.BaseSpecRunner.invokeRaw(BaseSpecRunner.java:484)
21N	at org.spockframework.runtime.BaseSpecRunner.invoke(BaseSpecRunner.java:467)
21T	at org.spockframework.runtime.BaseSpecRunner.runIteration(BaseSpecRunner.java:285)
21a	at org.spockframework.runtime.BaseSpecRunner.initializeAndRunIteration(BaseSpecRunner.java:275)
21X	at org.spockframework.runtime.BaseSpecRunner.runSimpleFeature(BaseSpecRunner.java:266)
21T	at org.spockframework.runtime.BaseSpecRunner.doRunFeature(BaseSpecRunner.java:260)
21P	at org.spockframework.runtime.BaseSpecRunner$5.invoke(BaseSpecRunner.java:243)
21Q	at org.spockframework.runtime.BaseSpecRunner.invokeRaw(BaseSpecRunner.java:484)
21N	at org.spockframework.runtime.BaseSpecRunner.invoke(BaseSpecRunner.java:467)
21R	at org.spockframework.runtime.BaseSpecRunner.runFeature(BaseSpecRunner.java:235)
21S	at org.spockframework.runtime.BaseSpecRunner.runFeatures(BaseSpecRunner.java:185)
21P	at org.spockframework.runtime.BaseSpecRunner.doRunSpec(BaseSpecRunner.java:95)
21O	at org.spockframework.runtime.BaseSpecRunner$1.invoke(BaseSpecRunner.java:81)
21Q	at org.spockframework.runtime.BaseSpecRunner.invokeRaw(BaseSpecRunner.java:484)
21N	at org.spockframework.runtime.BaseSpecRunner.invoke(BaseSpecRunner.java:467)
21N	at org.spockframework.runtime.BaseSpecRunner.runSpec(BaseSpecRunner.java:73)
21J	at org.spockframework.runtime.BaseSpecRunner.run(BaseSpecRunner.java:64)
21<	at org.spockframework.runtime.Sputnik.run(Sputnik.java:63)
21u	at org.gradle.api.internal.tasks.testing.junit.JUnitTestClassExecutor.runTestClass(JUnitTestClassExecutor.java:110)
21o	at org.gradle.api.internal.tasks.testing.junit.JUnitTestClassExecutor.execute(JUnitTestClassExecutor.java:58)
21o	at org.gradle.api.internal.tasks.testing.junit.JUnitTestClassExecutor.execute(JUnitTestClassExecutor.java:38)
21Š	at org.gradle.api.internal.tasks.testing.junit.AbstractJUnitTestClassProcessor.processTestClass(AbstractJUnitTestClassProcessor.java:62)
21t	at org.gradle.api.internal.tasks.testing.SuiteTestClassProcessor.processTestClass(SuiteTestClassProcessor.java:51)
21@	at sun.reflect.NativeMethodAccessorImpl.invoke0(Native Method)
21R	at sun.reflect.NativeMethodAccessorImpl.invoke(NativeMethodAccessorImpl.java:62)
21Z	at sun.reflect.DelegatingMethodAccessorImpl.invoke(DelegatingMethodAccessorImpl.java:43)
215	at java.lang.reflect.Method.invoke(Method.java:498)
21Y	at org.gradle.internal.dispatch.ReflectionDispatch.dispatch(ReflectionDispatch.java:36)
21Y	at org.gradle.internal.dispatch.ReflectionDispatch.dispatch(ReflectionDispatch.java:24)
21i	at org.gradle.internal.dispatch.ContextClassLoaderDispatch.dispatch(ContextClassLoaderDispatch.java:33)
21x	at org.gradle.internal.dispatch.ProxyDispatchAdapter$DispatchingInvocationHandler.invoke(ProxyDispatchAdapter.java:94)
21;	at com.sun.proxy.$Proxy2.processTestClass(Unknown Source)
21b	at org.gradle.api.internal.tasks.testing.worker.TestWorker.processTestClass(TestWorker.java:119)
21@	at sun.reflect.NativeMethodAccessorImpl.invoke0(Native Method)
21R	at sun.reflect.NativeMethodAccessorImpl.invoke(NativeMethodAccessorImpl.java:62)
21Z	at sun.reflect.DelegatingMethodAccessorImpl.invoke(DelegatingMethodAccessorImpl.java:43)
215	at java.lang.reflect.Method.invoke(Method.java:498)
21Y	at org.gradle.internal.dispatch.ReflectionDispatch.dispatch(ReflectionDispatch.java:36)
21Y	at org.gradle.internal.dispatch.ReflectionDispatch.dispatch(ReflectionDispatch.java:24)
21‘	at org.gradle.internal.remote.internal.hub.MessageHubBackedObjectConnection$DispatchWrapper.dispatch(MessageHubBackedObjectConnection.java:182)
21‘	at org.gradle.internal.remote.internal.hub.MessageHubBackedObjectConnection$DispatchWrapper.dispatch(MessageHubBackedObjectConnection.java:164)
21X	at org.gradle.internal.remote.internal.hub.MessageHub$Handler.run(MessageHub.java:414)
21k	at org.gradle.internal.concurrent.ExecutorPolicy$CatchAndRecordFailures.onExecute(ExecutorPolicy.java:64)
21Z	at org.gradle.internal.concurrent.ManagedExecutorImpl$1.run(ManagedExecutorImpl.java:48)
21T	at java.util.concurrent.ThreadPoolExecutor.runWorker(ThreadPoolExecutor.java:1149)
21T	at java.util.concurrent.ThreadPoolExecutor$Worker.run(ThreadPoolExecutor.java:624)
21j	at org.gradle.internal.concurrent.ThreadFactoryImpl$ManagedThreadRunnable.run(ThreadFactoryImpl.java:56)
21*	at java.lang.Thread.run(Thread.java:748)
23™11:20:43.454 [Test worker] DEBUG com.avenuecode.udemy.account.manager.service.RequestServiceImpl - Access Request received for email=m..a@avenuecode.com
