<?xml version="1.0" encoding="UTF-8"?>
<testsuite name="com.avenuecode.udemy.account.manager.service.ScheduleServiceTest" tests="10" skipped="0" failures="0" errors="0" timestamp="2021-02-24T14:20:43" hostname="AC-michelfonseca.local" time="0.187">
  <properties/>
  <testcase name="createSchedule() - Request not find" classname="com.avenuecode.udemy.account.manager.service.ScheduleServiceTest" time="0.094"/>
  <testcase name="createSchedule() - Request already scheduled" classname="com.avenuecode.udemy.account.manager.service.ScheduleServiceTest" time="0.003"/>
  <testcase name="createSchedule() - No accounts available" classname="com.avenuecode.udemy.account.manager.service.ScheduleServiceTest" time="0.002"/>
  <testcase name="createSchedule() - Save error" classname="com.avenuecode.udemy.account.manager.service.ScheduleServiceTest" time="0.011"/>
  <testcase name="createSchedule() - Schedule created" classname="com.avenuecode.udemy.account.manager.service.ScheduleServiceTest" time="0.009"/>
  <testcase name="checkSchedule() - Schedule not find" classname="com.avenuecode.udemy.account.manager.service.ScheduleServiceTest" time="0.008"/>
  <testcase name="checkSchedule() - Schedule not active" classname="com.avenuecode.udemy.account.manager.service.ScheduleServiceTest" time="0.005"/>
  <testcase name="checkSchedule() - Schedule not expired" classname="com.avenuecode.udemy.account.manager.service.ScheduleServiceTest" time="0.029"/>
  <testcase name="checkSchedule() - Schedule save error" classname="com.avenuecode.udemy.account.manager.service.ScheduleServiceTest" time="0.021"/>
  <testcase name="checkSchedule() - Schedule expired" classname="com.avenuecode.udemy.account.manager.service.ScheduleServiceTest" time="0.004"/>
  <system-out><![CDATA[11:20:43.305 [Test worker] INFO com.avenuecode.udemy.account.manager.service.ScheduleService - Request of id=0 is already scheduled
11:20:43.307 [Test worker] INFO com.avenuecode.udemy.account.manager.service.ScheduleService - No accounts available to attend request from email=null
11:20:43.311 [Test worker] INFO com.avenuecode.udemy.account.manager.service.ScheduleService - Creating schedule for email=null, with account=null
11:20:43.312 [Test worker] ERROR com.avenuecode.udemy.account.manager.service.ScheduleService - Error scheduling account=null for email=null
java.lang.ClassCastException: java.lang.Class cannot be cast to java.lang.Throwable
	at com.avenuecode.udemy.account.manager.service.ScheduleServiceTest$__spock_feature_0_3_closure1.doCall(ScheduleServiceTest.groovy:68)
	at sun.reflect.NativeMethodAccessorImpl.invoke0(Native Method)
	at sun.reflect.NativeMethodAccessorImpl.invoke(NativeMethodAccessorImpl.java:62)
	at sun.reflect.DelegatingMethodAccessorImpl.invoke(DelegatingMethodAccessorImpl.java:43)
	at java.lang.reflect.Method.invoke(Method.java:498)
	at org.codehaus.groovy.reflection.CachedMethod.invoke(CachedMethod.java:101)
	at groovy.lang.MetaMethod.doMethodInvoke(MetaMethod.java:323)
	at org.codehaus.groovy.runtime.metaclass.ClosureMetaClass.invokeMethod(ClosureMetaClass.java:263)
	at groovy.lang.MetaClassImpl.invokeMethod(MetaClassImpl.java:1041)
	at groovy.lang.Closure.call(Closure.java:405)
	at org.spockframework.runtime.GroovyRuntimeUtil.invokeClosure(GroovyRuntimeUtil.java:201)
	at org.spockframework.mock.response.CodeResponseGenerator.invokeClosure(CodeResponseGenerator.java:54)
	at org.spockframework.mock.response.CodeResponseGenerator.doRespond(CodeResponseGenerator.java:37)
	at org.spockframework.mock.response.SingleResponseGenerator.respond(SingleResponseGenerator.java:32)
	at org.spockframework.mock.response.ResponseGeneratorChain.respond(ResponseGeneratorChain.java:44)
	at org.spockframework.mock.runtime.MockInteraction.accept(MockInteraction.java:73)
	at org.spockframework.mock.runtime.MockInteractionDecorator.accept(MockInteractionDecorator.java:50)
	at org.spockframework.mock.runtime.InteractionScope$1.accept(InteractionScope.java:51)
	at org.spockframework.mock.runtime.MockController.handle(MockController.java:40)
	at org.spockframework.mock.runtime.JavaMockInterceptor.intercept(JavaMockInterceptor.java:72)
	at org.spockframework.mock.runtime.DynamicProxyMockInterceptorAdapter.invoke(DynamicProxyMockInterceptorAdapter.java:34)
	at com.sun.proxy.$Proxy35.save(Unknown Source)
	at com.avenuecode.udemy.account.manager.service.ScheduleService.createSchedule(ScheduleService.java:73)
	at com.avenuecode.udemy.account.manager.service.ScheduleService$createSchedule.call(Unknown Source)
	at org.codehaus.groovy.runtime.callsite.CallSiteArray.defaultCall(CallSiteArray.java:47)
	at org.codehaus.groovy.runtime.callsite.AbstractCallSite.call(AbstractCallSite.java:115)
	at org.codehaus.groovy.runtime.callsite.AbstractCallSite.call(AbstractCallSite.java:127)
	at com.avenuecode.udemy.account.manager.service.ScheduleServiceTest.$spock_feature_0_3(ScheduleServiceTest.groovy:71)
	at sun.reflect.NativeMethodAccessorImpl.invoke0(Native Method)
	at sun.reflect.NativeMethodAccessorImpl.invoke(NativeMethodAccessorImpl.java:62)
	at sun.reflect.DelegatingMethodAccessorImpl.invoke(DelegatingMethodAccessorImpl.java:43)
	at java.lang.reflect.Method.invoke(Method.java:498)
	at org.spockframework.util.ReflectionUtil.invokeMethod(ReflectionUtil.java:200)
	at org.spockframework.runtime.model.MethodInfo.invoke(MethodInfo.java:113)
	at org.spockframework.runtime.BaseSpecRunner.invokeRaw(BaseSpecRunner.java:484)
	at org.spockframework.runtime.BaseSpecRunner.invoke(BaseSpecRunner.java:467)
	at org.spockframework.runtime.BaseSpecRunner.runFeatureMethod(BaseSpecRunner.java:408)
	at org.spockframework.runtime.BaseSpecRunner.doRunIteration(BaseSpecRunner.java:322)
	at org.spockframework.runtime.BaseSpecRunner$6.invoke(BaseSpecRunner.java:306)
	at org.spockframework.runtime.BaseSpecRunner.invokeRaw(BaseSpecRunner.java:484)
	at org.spockframework.runtime.BaseSpecRunner.invoke(BaseSpecRunner.java:467)
	at org.spockframework.runtime.BaseSpecRunner.runIteration(BaseSpecRunner.java:285)
	at org.spockframework.runtime.BaseSpecRunner.initializeAndRunIteration(BaseSpecRunner.java:275)
	at org.spockframework.runtime.BaseSpecRunner.runSimpleFeature(BaseSpecRunner.java:266)
	at org.spockframework.runtime.BaseSpecRunner.doRunFeature(BaseSpecRunner.java:260)
	at org.spockframework.runtime.BaseSpecRunner$5.invoke(BaseSpecRunner.java:243)
	at org.spockframework.runtime.BaseSpecRunner.invokeRaw(BaseSpecRunner.java:484)
	at org.spockframework.runtime.BaseSpecRunner.invoke(BaseSpecRunner.java:467)
	at org.spockframework.runtime.BaseSpecRunner.runFeature(BaseSpecRunner.java:235)
	at org.spockframework.runtime.BaseSpecRunner.runFeatures(BaseSpecRunner.java:185)
	at org.spockframework.runtime.BaseSpecRunner.doRunSpec(BaseSpecRunner.java:95)
	at org.spockframework.runtime.BaseSpecRunner$1.invoke(BaseSpecRunner.java:81)
	at org.spockframework.runtime.BaseSpecRunner.invokeRaw(BaseSpecRunner.java:484)
	at org.spockframework.runtime.BaseSpecRunner.invoke(BaseSpecRunner.java:467)
	at org.spockframework.runtime.BaseSpecRunner.runSpec(BaseSpecRunner.java:73)
	at org.spockframework.runtime.BaseSpecRunner.run(BaseSpecRunner.java:64)
	at org.spockframework.runtime.Sputnik.run(Sputnik.java:63)
	at org.gradle.api.internal.tasks.testing.junit.JUnitTestClassExecutor.runTestClass(JUnitTestClassExecutor.java:110)
	at org.gradle.api.internal.tasks.testing.junit.JUnitTestClassExecutor.execute(JUnitTestClassExecutor.java:58)
	at org.gradle.api.internal.tasks.testing.junit.JUnitTestClassExecutor.execute(JUnitTestClassExecutor.java:38)
	at org.gradle.api.internal.tasks.testing.junit.AbstractJUnitTestClassProcessor.processTestClass(AbstractJUnitTestClassProcessor.java:62)
	at org.gradle.api.internal.tasks.testing.SuiteTestClassProcessor.processTestClass(SuiteTestClassProcessor.java:51)
	at sun.reflect.NativeMethodAccessorImpl.invoke0(Native Method)
	at sun.reflect.NativeMethodAccessorImpl.invoke(NativeMethodAccessorImpl.java:62)
	at sun.reflect.DelegatingMethodAccessorImpl.invoke(DelegatingMethodAccessorImpl.java:43)
	at java.lang.reflect.Method.invoke(Method.java:498)
	at org.gradle.internal.dispatch.ReflectionDispatch.dispatch(ReflectionDispatch.java:36)
	at org.gradle.internal.dispatch.ReflectionDispatch.dispatch(ReflectionDispatch.java:24)
	at org.gradle.internal.dispatch.ContextClassLoaderDispatch.dispatch(ContextClassLoaderDispatch.java:33)
	at org.gradle.internal.dispatch.ProxyDispatchAdapter$DispatchingInvocationHandler.invoke(ProxyDispatchAdapter.java:94)
	at com.sun.proxy.$Proxy2.processTestClass(Unknown Source)
	at org.gradle.api.internal.tasks.testing.worker.TestWorker.processTestClass(TestWorker.java:119)
	at sun.reflect.NativeMethodAccessorImpl.invoke0(Native Method)
	at sun.reflect.NativeMethodAccessorImpl.invoke(NativeMethodAccessorImpl.java:62)
	at sun.reflect.DelegatingMethodAccessorImpl.invoke(DelegatingMethodAccessorImpl.java:43)
	at java.lang.reflect.Method.invoke(Method.java:498)
	at org.gradle.internal.dispatch.ReflectionDispatch.dispatch(ReflectionDispatch.java:36)
	at org.gradle.internal.dispatch.ReflectionDispatch.dispatch(ReflectionDispatch.java:24)
	at org.gradle.internal.remote.internal.hub.MessageHubBackedObjectConnection$DispatchWrapper.dispatch(MessageHubBackedObjectConnection.java:182)
	at org.gradle.internal.remote.internal.hub.MessageHubBackedObjectConnection$DispatchWrapper.dispatch(MessageHubBackedObjectConnection.java:164)
	at org.gradle.internal.remote.internal.hub.MessageHub$Handler.run(MessageHub.java:414)
	at org.gradle.internal.concurrent.ExecutorPolicy$CatchAndRecordFailures.onExecute(ExecutorPolicy.java:64)
	at org.gradle.internal.concurrent.ManagedExecutorImpl$1.run(ManagedExecutorImpl.java:48)
	at java.util.concurrent.ThreadPoolExecutor.runWorker(ThreadPoolExecutor.java:1149)
	at java.util.concurrent.ThreadPoolExecutor$Worker.run(ThreadPoolExecutor.java:624)
	at org.gradle.internal.concurrent.ThreadFactoryImpl$ManagedThreadRunnable.run(ThreadFactoryImpl.java:56)
	at java.lang.Thread.run(Thread.java:748)
11:20:43.320 [Test worker] INFO com.avenuecode.udemy.account.manager.service.ScheduleService - Creating schedule for email=null, with account=null
11:20:43.340 [Test worker] INFO com.avenuecode.udemy.account.manager.service.ScheduleService - Schedule of id=0 is no longer active
11:20:43.374 [Test worker] INFO com.avenuecode.udemy.account.manager.service.ScheduleService - Schedule of id=1 has expired
11:20:43.376 [Test worker] ERROR com.avenuecode.udemy.account.manager.service.ScheduleService - Error deactivating schedule of id=1 for account=null
java.lang.ClassCastException: java.lang.Class cannot be cast to java.lang.Throwable
	at com.avenuecode.udemy.account.manager.service.ScheduleServiceTest$__spock_feature_0_8_closure2.doCall(ScheduleServiceTest.groovy:148)
	at sun.reflect.NativeMethodAccessorImpl.invoke0(Native Method)
	at sun.reflect.NativeMethodAccessorImpl.invoke(NativeMethodAccessorImpl.java:62)
	at sun.reflect.DelegatingMethodAccessorImpl.invoke(DelegatingMethodAccessorImpl.java:43)
	at java.lang.reflect.Method.invoke(Method.java:498)
	at org.codehaus.groovy.reflection.CachedMethod.invoke(CachedMethod.java:101)
	at groovy.lang.MetaMethod.doMethodInvoke(MetaMethod.java:323)
	at org.codehaus.groovy.runtime.metaclass.ClosureMetaClass.invokeMethod(ClosureMetaClass.java:263)
	at groovy.lang.MetaClassImpl.invokeMethod(MetaClassImpl.java:1041)
	at groovy.lang.Closure.call(Closure.java:405)
	at org.spockframework.runtime.GroovyRuntimeUtil.invokeClosure(GroovyRuntimeUtil.java:201)
	at org.spockframework.mock.response.CodeResponseGenerator.invokeClosure(CodeResponseGenerator.java:54)
	at org.spockframework.mock.response.CodeResponseGenerator.doRespond(CodeResponseGenerator.java:37)
	at org.spockframework.mock.response.SingleResponseGenerator.respond(SingleResponseGenerator.java:32)
	at org.spockframework.mock.response.ResponseGeneratorChain.respond(ResponseGeneratorChain.java:44)
	at org.spockframework.mock.runtime.MockInteraction.accept(MockInteraction.java:73)
	at org.spockframework.mock.runtime.MockInteractionDecorator.accept(MockInteractionDecorator.java:50)
	at org.spockframework.mock.runtime.InteractionScope$1.accept(InteractionScope.java:51)
	at org.spockframework.mock.runtime.MockController.handle(MockController.java:40)
	at org.spockframework.mock.runtime.JavaMockInterceptor.intercept(JavaMockInterceptor.java:72)
	at org.spockframework.mock.runtime.DynamicProxyMockInterceptorAdapter.invoke(DynamicProxyMockInterceptorAdapter.java:34)
	at com.sun.proxy.$Proxy37.save(Unknown Source)
	at com.avenuecode.udemy.account.manager.service.ScheduleService.checkSchedule(ScheduleService.java:115)
	at com.avenuecode.udemy.account.manager.service.ScheduleService$checkSchedule$0.call(Unknown Source)
	at org.codehaus.groovy.runtime.callsite.CallSiteArray.defaultCall(CallSiteArray.java:47)
	at org.codehaus.groovy.runtime.callsite.AbstractCallSite.call(AbstractCallSite.java:115)
	at org.codehaus.groovy.runtime.callsite.AbstractCallSite.call(AbstractCallSite.java:127)
	at com.avenuecode.udemy.account.manager.service.ScheduleServiceTest.$spock_feature_0_8(ScheduleServiceTest.groovy:151)
	at sun.reflect.NativeMethodAccessorImpl.invoke0(Native Method)
	at sun.reflect.NativeMethodAccessorImpl.invoke(NativeMethodAccessorImpl.java:62)
	at sun.reflect.DelegatingMethodAccessorImpl.invoke(DelegatingMethodAccessorImpl.java:43)
	at java.lang.reflect.Method.invoke(Method.java:498)
	at org.spockframework.util.ReflectionUtil.invokeMethod(ReflectionUtil.java:200)
	at org.spockframework.runtime.model.MethodInfo.invoke(MethodInfo.java:113)
	at org.spockframework.runtime.BaseSpecRunner.invokeRaw(BaseSpecRunner.java:484)
	at org.spockframework.runtime.BaseSpecRunner.invoke(BaseSpecRunner.java:467)
	at org.spockframework.runtime.BaseSpecRunner.runFeatureMethod(BaseSpecRunner.java:408)
	at org.spockframework.runtime.BaseSpecRunner.doRunIteration(BaseSpecRunner.java:322)
	at org.spockframework.runtime.BaseSpecRunner$6.invoke(BaseSpecRunner.java:306)
	at org.spockframework.runtime.BaseSpecRunner.invokeRaw(BaseSpecRunner.java:484)
	at org.spockframework.runtime.BaseSpecRunner.invoke(BaseSpecRunner.java:467)
	at org.spockframework.runtime.BaseSpecRunner.runIteration(BaseSpecRunner.java:285)
	at org.spockframework.runtime.BaseSpecRunner.initializeAndRunIteration(BaseSpecRunner.java:275)
	at org.spockframework.runtime.BaseSpecRunner.runSimpleFeature(BaseSpecRunner.java:266)
	at org.spockframework.runtime.BaseSpecRunner.doRunFeature(BaseSpecRunner.java:260)
	at org.spockframework.runtime.BaseSpecRunner$5.invoke(BaseSpecRunner.java:243)
	at org.spockframework.runtime.BaseSpecRunner.invokeRaw(BaseSpecRunner.java:484)
	at org.spockframework.runtime.BaseSpecRunner.invoke(BaseSpecRunner.java:467)
	at org.spockframework.runtime.BaseSpecRunner.runFeature(BaseSpecRunner.java:235)
	at org.spockframework.runtime.BaseSpecRunner.runFeatures(BaseSpecRunner.java:185)
	at org.spockframework.runtime.BaseSpecRunner.doRunSpec(BaseSpecRunner.java:95)
	at org.spockframework.runtime.BaseSpecRunner$1.invoke(BaseSpecRunner.java:81)
	at org.spockframework.runtime.BaseSpecRunner.invokeRaw(BaseSpecRunner.java:484)
	at org.spockframework.runtime.BaseSpecRunner.invoke(BaseSpecRunner.java:467)
	at org.spockframework.runtime.BaseSpecRunner.runSpec(BaseSpecRunner.java:73)
	at org.spockframework.runtime.BaseSpecRunner.run(BaseSpecRunner.java:64)
	at org.spockframework.runtime.Sputnik.run(Sputnik.java:63)
	at org.gradle.api.internal.tasks.testing.junit.JUnitTestClassExecutor.runTestClass(JUnitTestClassExecutor.java:110)
	at org.gradle.api.internal.tasks.testing.junit.JUnitTestClassExecutor.execute(JUnitTestClassExecutor.java:58)
	at org.gradle.api.internal.tasks.testing.junit.JUnitTestClassExecutor.execute(JUnitTestClassExecutor.java:38)
	at org.gradle.api.internal.tasks.testing.junit.AbstractJUnitTestClassProcessor.processTestClass(AbstractJUnitTestClassProcessor.java:62)
	at org.gradle.api.internal.tasks.testing.SuiteTestClassProcessor.processTestClass(SuiteTestClassProcessor.java:51)
	at sun.reflect.NativeMethodAccessorImpl.invoke0(Native Method)
	at sun.reflect.NativeMethodAccessorImpl.invoke(NativeMethodAccessorImpl.java:62)
	at sun.reflect.DelegatingMethodAccessorImpl.invoke(DelegatingMethodAccessorImpl.java:43)
	at java.lang.reflect.Method.invoke(Method.java:498)
	at org.gradle.internal.dispatch.ReflectionDispatch.dispatch(ReflectionDispatch.java:36)
	at org.gradle.internal.dispatch.ReflectionDispatch.dispatch(ReflectionDispatch.java:24)
	at org.gradle.internal.dispatch.ContextClassLoaderDispatch.dispatch(ContextClassLoaderDispatch.java:33)
	at org.gradle.internal.dispatch.ProxyDispatchAdapter$DispatchingInvocationHandler.invoke(ProxyDispatchAdapter.java:94)
	at com.sun.proxy.$Proxy2.processTestClass(Unknown Source)
	at org.gradle.api.internal.tasks.testing.worker.TestWorker.processTestClass(TestWorker.java:119)
	at sun.reflect.NativeMethodAccessorImpl.invoke0(Native Method)
	at sun.reflect.NativeMethodAccessorImpl.invoke(NativeMethodAccessorImpl.java:62)
	at sun.reflect.DelegatingMethodAccessorImpl.invoke(DelegatingMethodAccessorImpl.java:43)
	at java.lang.reflect.Method.invoke(Method.java:498)
	at org.gradle.internal.dispatch.ReflectionDispatch.dispatch(ReflectionDispatch.java:36)
	at org.gradle.internal.dispatch.ReflectionDispatch.dispatch(ReflectionDispatch.java:24)
	at org.gradle.internal.remote.internal.hub.MessageHubBackedObjectConnection$DispatchWrapper.dispatch(MessageHubBackedObjectConnection.java:182)
	at org.gradle.internal.remote.internal.hub.MessageHubBackedObjectConnection$DispatchWrapper.dispatch(MessageHubBackedObjectConnection.java:164)
	at org.gradle.internal.remote.internal.hub.MessageHub$Handler.run(MessageHub.java:414)
	at org.gradle.internal.concurrent.ExecutorPolicy$CatchAndRecordFailures.onExecute(ExecutorPolicy.java:64)
	at org.gradle.internal.concurrent.ManagedExecutorImpl$1.run(ManagedExecutorImpl.java:48)
	at java.util.concurrent.ThreadPoolExecutor.runWorker(ThreadPoolExecutor.java:1149)
	at java.util.concurrent.ThreadPoolExecutor$Worker.run(ThreadPoolExecutor.java:624)
	at org.gradle.internal.concurrent.ThreadFactoryImpl$ManagedThreadRunnable.run(ThreadFactoryImpl.java:56)
	at java.lang.Thread.run(Thread.java:748)
11:20:43.394 [Test worker] INFO com.avenuecode.udemy.account.manager.service.ScheduleService - Schedule of id=1 has expired
]]></system-out>
  <system-err><![CDATA[]]></system-err>
</testsuite>
